<?xml version="1.0" encoding="UTF-8"?>
<!-- Generated by org.testng.reporters.JUnitXMLReporter -->
<testsuite ignored="0" hostname="Shahil" failures="1" tests="5" name="Regression_Test" time="0.093" errors="0" timestamp="2025-06-02T17:17:53 IST">
  <testcase classname="test.Day5" name="Shahil" time="0.011"/>
  <testcase classname="test.Day5" name="Sinha" time="0.014">
    <failure type="java.lang.AssertionError" message="expected [true] but found [false]">
      <![CDATA[java.lang.AssertionError: expected [true] but found [false]
at test.Day5.Sinha(Day5.java:20)
at java.base/java.util.ArrayList.forEach(ArrayList.java:1596)
... Removed 29 stack frames]]>
    </failure>
  </testcase> <!-- Sinha -->
  <testcase classname="test.Day6" name="WebLoginHome" time="0.004"/>
  <testcase classname="test.Day6" name="WebLoginHome" time="0.001"/>
  <testcase classname="test.Day6" name="WebLoginHome" time="0.002"/>
</testsuite> <!-- Regression_Test -->
