<?xml version="1.0" encoding="UTF-8"?>
<!-- Generated by org.testng.reporters.JUnitXMLReporter -->
<testsuite ignored="2" hostname="Shahil" failures="0" tests="1" name="Car Loan" time="0.004" errors="0" timestamp="2025-05-30T16:59:07 IST">
  <testcase classname="test.Day3" name="MobileLoginCar" time="0.002"/>
  <testcase classname="test.Day3" name="APILoginCar" time="0.0">
    <ignored/>
  </testcase> <!-- APILoginCar -->
  <testcase classname="test.Day3" name="WebLoginCar" time="0.0">
    <ignored/>
  </testcase> <!-- WebLoginCar -->
</testsuite> <!-- Car Loan -->
