<?xml version="1.0" encoding="UTF-8"?>
<!-- Generated by org.testng.reporters.JUnitXMLReporter -->
<testsuite ignored="1" hostname="Shahil" failures="0" tests="2" name="Home Loan" time="0.008" errors="0" timestamp="2025-05-30T16:59:07 IST">
  <testcase classname="test.Day4" name="APILoginHome" time="0.002"/>
  <testcase classname="test.Day4" name="WebLoginHome" time="0.001"/>
  <testcase classname="test.Day4" name="MobileLoginHome" time="0.0">
    <ignored/>
  </testcase> <!-- MobileLoginHome -->
</testsuite> <!-- Home Loan -->
