<?xml version="1.0" encoding="UTF-8"?>
<!-- Generated by org.testng.reporters.JUnitXMLReporter -->
<testsuite ignored="2" hostname="Shahil" failures="0" tests="3" name="Home Loan" time="0.006" errors="0" timestamp="2025-06-02T16:11:35 IST">
  <testcase classname="test.Day4" name="MobileLoginHome" time="0.001"/>
  <testcase classname="test.Day4" name="MobileSignIn" time="0.001"/>
  <testcase classname="test.Day4" name="MobileSignOut" time="0.001"/>
  <testcase classname="test.Day4" name="APILoginHome" time="0.0">
    <ignored/>
  </testcase> <!-- APILoginHome -->
  <testcase classname="test.Day4" name="WebLoginHome" time="0.0">
    <ignored/>
  </testcase> <!-- WebLoginHome -->
</testsuite> <!-- Home Loan -->
