<?xml version="1.0" encoding="UTF-8"?>
<testng-results ignored="3" total="9" passed="6" failed="0" skipped="0">
  <reporter-output>
  </reporter-output>
  <suite started-at="2025-05-30T16:59:07 IST" name="Loan Department" finished-at="2025-05-30T16:59:07 IST" duration-ms="157">
    <groups>
    </groups>
    <test started-at="2025-05-30T16:59:07 IST" name="Personal Loan" finished-at="2025-05-30T16:59:07 IST" duration-ms="55">
      <class name="test.Day1">
        <test-method signature="Demo()[pri:0, instance:test.Day1@6b81ce95]" started-at="2025-05-30T16:59:07 IST" name="Demo" finished-at="2025-05-30T16:59:07 IST" duration-ms="8" status="PASS">
          <reporter-output>
          </reporter-output>
        </test-method> <!-- Demo -->
        <test-method signature="secondClass()[pri:0, instance:test.Day1@6b81ce95]" started-at="2025-05-30T16:59:07 IST" name="secondClass" finished-at="2025-05-30T16:59:07 IST" duration-ms="1" status="PASS">
          <reporter-output>
          </reporter-output>
        </test-method> <!-- secondClass -->
      </class> <!-- test.Day1 -->
      <class name="test.Day2">
        <test-method signature="methodFromDay2Class()[pri:0, instance:test.Day2@6c64cb25]" started-at="2025-05-30T16:59:07 IST" name="methodFromDay2Class" finished-at="2025-05-30T16:59:07 IST" duration-ms="7" status="PASS">
          <reporter-output>
          </reporter-output>
        </test-method> <!-- methodFromDay2Class -->
      </class> <!-- test.Day2 -->
    </test> <!-- Personal Loan -->
    <test started-at="2025-05-30T16:59:07 IST" name="Car Loan" finished-at="2025-05-30T16:59:07 IST" duration-ms="4">
      <class name="test.Day3">
        <test-method signature="MobileLoginCar()[pri:0, instance:test.Day3@2d3379b4]" started-at="2025-05-30T16:59:07 IST" name="MobileLoginCar" finished-at="2025-05-30T16:59:07 IST" duration-ms="2" status="PASS">
          <reporter-output>
          </reporter-output>
        </test-method> <!-- MobileLoginCar -->
      </class> <!-- test.Day3 -->
    </test> <!-- Car Loan -->
    <test started-at="2025-05-30T16:59:07 IST" name="Home Loan" finished-at="2025-05-30T16:59:07 IST" duration-ms="8">
      <class name="test.Day4">
        <test-method signature="APILoginHome()[pri:0, instance:test.Day4@62379589]" started-at="2025-05-30T16:59:07 IST" name="APILoginHome" finished-at="2025-05-30T16:59:07 IST" duration-ms="2" status="PASS">
          <reporter-output>
          </reporter-output>
        </test-method> <!-- APILoginHome -->
        <test-method signature="WebLoginHome()[pri:0, instance:test.Day4@62379589]" started-at="2025-05-30T16:59:07 IST" name="WebLoginHome" finished-at="2025-05-30T16:59:07 IST" duration-ms="1" status="PASS">
          <reporter-output>
          </reporter-output>
        </test-method> <!-- WebLoginHome -->
      </class> <!-- test.Day4 -->
    </test> <!-- Home Loan -->
  </suite> <!-- Loan Department -->
</testng-results>
