<?xml version="1.0" encoding="UTF-8"?>
<testng-results ignored="0" total="1" passed="1" failed="0" skipped="0">
  <reporter-output>
  </reporter-output>
  <suite started-at="2025-06-02T18:10:51 IST" name="Default suite" finished-at="2025-06-02T18:10:51 IST" duration-ms="53">
    <groups>
    </groups>
    <test started-at="2025-06-02T18:10:51 IST" name="Default test" finished-at="2025-06-02T18:10:51 IST" duration-ms="53">
      <class name="test.Inhritence2">
        <test-method is-config="true" signature="beforeExecute()[pri:0, instance:test.Inhritence2@158d2680]" started-at="2025-06-02T18:10:51 IST" name="beforeExecute" finished-at="2025-06-02T18:10:51 IST" duration-ms="10" status="PASS">
          <reporter-output>
          </reporter-output>
        </test-method> <!-- beforeExecute -->
        <test-method signature="testRun()[pri:0, instance:test.Inhritence2@158d2680]" started-at="2025-06-02T18:10:51 IST" name="testRun" finished-at="2025-06-02T18:10:51 IST" duration-ms="12" status="PASS">
          <reporter-output>
          </reporter-output>
        </test-method> <!-- testRun -->
        <test-method is-config="true" signature="afterExecute()[pri:0, instance:test.Inhritence2@158d2680]" started-at="2025-06-02T18:10:51 IST" name="afterExecute" finished-at="2025-06-02T18:10:51 IST" duration-ms="1" status="PASS">
          <reporter-output>
          </reporter-output>
        </test-method> <!-- afterExecute -->
      </class> <!-- test.Inhritence2 -->
    </test> <!-- Default test -->
  </suite> <!-- Default suite -->
</testng-results>
